{
  "validation_metadata": {
    "timestamp": "2025-11-05T15:47:12.560148",
    "total_duration_hours": 0.006939949444444444,
    "validator_version": "unified_testing_orchestrator_v1.0",
    "validation_type": "comprehensive_production_validation"
  },
  "test_summary": {
    "total_tests": 5,
    "passed_tests": 1,
    "failed_tests": 4,
    "success_rate": 0.2,
    "overall_status": "FAILED"
  },
  "performance_validation": {
    "baselines_met": true,
    "latency_validated": false,
    "memory_validated": false
  },
  "statistical_validation": {
    "confidence_level": 0.95,
    "p_value": 1.0,
    "statistically_significant": false
  },
  "test_results": [
    {
      "name": "performance_profiler.py",
      "status": "PASSED",
      "duration_minutes": 0.2148510694503784,
      "key_metrics": {},
      "error": null
    },
    {
      "name": "realtime_backtest_validator.py",
      "status": "FAILED",
      "duration_minutes": 0.05262763897577922,
      "key_metrics": {},
      "error": "2025-11-05 15:47:01.250 | WARNING  | supreme_system_v5.core:<module>:28 - \u26a0\ufe0f Rust engine not available, using Python fallback\r\nusage: realtime_backtest_validator.py [-h] [--duration DURATION]\r\n                                      [--symbol SYMBOL]\r\n                                      [--output-dir OUTPUT_DIR]\r\nrealtime_backtest_validator.py: error: unrecognized arguments: --statistical-validation\r\n"
    },
    {
      "name": "statistical_validation.py",
      "status": "FAILED",
      "duration_minutes": 0.00827043851216634,
      "key_metrics": {},
      "error": "usage: statistical_validation.py [-h] --input INPUT [--baseline BASELINE]\r\n                                 [--confidence CONFIDENCE]\r\n                                 [--output-dir OUTPUT_DIR]\r\nstatistical_validation.py: error: the following arguments are required: --input\r\n"
    },
    {
      "name": "exchange_connectivity_tests.py",
      "status": "FAILED",
      "duration_minutes": 0.09053839445114135,
      "key_metrics": {},
      "error": "2025-11-05 15:47:04.891 | WARNING  | supreme_system_v5.core:<module>:28 - \u26a0\ufe0f Rust engine not available, using Python fallback\r\nTraceback (most recent call last):\r\n  File \"C:\\Users\\ADMIN\\supreme-system-v5\\scripts\\exchange_connectivity_tests.py\", line 726, in <module>\r\n    asyncio.run(main())\r\n  File \"C:\\Users\\ADMIN\\AppData\\Local\\Programs\\Python\\Python311\\Lib\\asyncio\\runners.py\", line 190, in run\r\n    return runner.run(main)\r\n           ^^^^^^^^^^^^^^^^\r\n  File \"C:\\Users\\ADMIN\\AppData\\Local\\Programs\\Python\\Python311\\Lib\\asyncio\\runners.py\", line 118, in run\r\n    return self._loop.run_until_complete(task)\r\n           ^^^^^^^^^^^^^^^^^^^^^^^^^^^^^^^^^^^\r\n  File \"C:\\Users\\ADMIN\\AppData\\Local\\Programs\\Python\\Python311\\Lib\\asyncio\\base_events.py\", line 654, in run_until_complete\r\n    return future.result()\r\n           ^^^^^^^^^^^^^^^\r\n  File \"C:\\Users\\ADMIN\\supreme-system-v5\\scripts\\exchange_connectivity_tests.py\", line 717, in main\r\n    print(f\"\\n\ud83d\udcc1 Artifacts saved: {len(results['artifacts'])} files\")\r\n                                       ~~~~~~~^^^^^^^^^^^^^\r\nKeyError: 'artifacts'\r\n"
    },
    {
      "name": "degradation_validator.py",
      "status": "FAILED",
      "duration_minutes": 0.05010942220687866,
      "key_metrics": {},
      "error": "2025-11-05 15:47:10.307 | WARNING  | supreme_system_v5.core:<module>:28 - \u26a0\ufe0f Rust engine not available, using Python fallback\r\nTraceback (most recent call last):\r\n  File \"C:\\Users\\ADMIN\\supreme-system-v5\\scripts\\degradation_validator.py\", line 41, in <module>\r\n    from scripts.realtime_backtest_validator import RealTimePerformanceMonitor\r\nModuleNotFoundError: No module named 'scripts'\r\n"
    }
  ],
  "configuration": {
    "realtime_backtest_duration_minutes": 90,
    "stress_test_duration_hours": 0.0,
    "performance_baselines": {
      "latency_ms": 0.02,
      "memory_mb": 15.0,
      "cpu_percent": 85.0,
      "win_rate": 0.689,
      "sharpe_ratio": 2.47
    }
  }
}